<?xml version="1.0" encoding="UTF-8"?>
<!-- Generated by org.testng.reporters.JUnitReportReporter -->
<testsuite hostname="DESKTOP-3GEP89E" failures="0" tests="1" name="com.walmart.qa.MyListspagetest.MyListtest" time="27.534" errors="0" timestamp="2021-01-21T13:52:01 EST" skipped="0">
  <testcase classname="com.walmart.qa.MyListspagetest.MyListtest" name="history" time="27.534"/>
  <system-out/>
</testsuite> <!-- com.walmart.qa.MyListspagetest.MyListtest -->
