<?xml version="1.0" encoding="UTF-8"?>
<!-- Generated by org.testng.reporters.JUnitReportReporter -->
<testsuite hostname="DESKTOP-3GEP89E" failures="0" tests="1" name="signinTest.SigninTest" time="13.070" errors="0" timestamp="2021-01-14T17:07:03 EST" skipped="0">
  <testcase classname="signinTest.SigninTest" name="logintest" time="13.070"/>
  <system-out/>
</testsuite> <!-- signinTest.SigninTest -->
