<?xml version="1.0" encoding="UTF-8"?>
<!-- Generated by org.testng.reporters.JUnitReportReporter -->
<testsuite hostname="DESKTOP-3GEP89E" failures="0" tests="1" name="com.walmart.qa.Orderhistorytest.Historytest" time="31.292" errors="0" timestamp="2021-01-21T13:52:01 EST" skipped="0">
  <testcase classname="com.walmart.qa.Orderhistorytest.Historytest" name="history" time="31.292"/>
  <system-out/>
</testsuite> <!-- com.walmart.qa.Orderhistorytest.Historytest -->
